<?xml version="1.0" encoding="UTF-8"?>
<testsuite xmlns:xsi="http://www.w3.org/2001/XMLSchema-instance" xsi:noNamespaceSchemaLocation="https://maven.apache.org/surefire/maven-surefire-plugin/xsd/surefire-test-report-3.0.xsd" version="3.0" name="com.example.AppTest" time="0.016" tests="1" errors="0" skipped="0" failures="0">
  <properties>
    <property name="java.specification.version" value="24"/>
    <property name="sun.jnu.encoding" value="UTF-8"/>
    <property name="java.class.path" value="/Volumes/Drive-E/Cognizant/Week-3/SpringCore_Maven/Ex-5 Configuring the Spring IoC Container/demo/target/test-classes:/Volumes/Drive-E/Cognizant/Week-3/SpringCore_Maven/Ex-5 Configuring the Spring IoC Container/demo/target/classes:/Users/manognyak/.m2/repository/org/springframework/spring-context/5.3.30/spring-context-5.3.30.jar:/Users/manognyak/.m2/repository/org/springframework/spring-aop/5.3.30/spring-aop-5.3.30.jar:/Users/manognyak/.m2/repository/org/springframework/spring-beans/5.3.30/spring-beans-5.3.30.jar:/Users/manognyak/.m2/repository/org/springframework/spring-core/5.3.30/spring-core-5.3.30.jar:/Users/manognyak/.m2/repository/org/springframework/spring-jcl/5.3.30/spring-jcl-5.3.30.jar:/Users/manognyak/.m2/repository/org/springframework/spring-expression/5.3.30/spring-expression-5.3.30.jar:/Users/manognyak/.m2/repository/commons-logging/commons-logging/1.2/commons-logging-1.2.jar:/Users/manognyak/.m2/repository/junit/junit/4.13.2/junit-4.13.2.jar:/Users/manognyak/.m2/repository/org/hamcrest/hamcrest-core/1.3/hamcrest-core-1.3.jar:"/>
    <property name="java.vm.vendor" value="Oracle Corporation"/>
    <property name="sun.arch.data.model" value="64"/>
    <property name="java.vendor.url" value="https://java.oracle.com/"/>
    <property name="os.name" value="Mac OS X"/>
    <property name="java.vm.specification.version" value="24"/>
    <property name="sun.java.launcher" value="SUN_STANDARD"/>
    <property name="user.country" value="IN"/>
    <property name="sun.boot.library.path" value="/Library/Java/JavaVirtualMachines/jdk-24.jdk/Contents/Home/lib"/>
    <property name="sun.java.command" value="/Volumes/Drive-E/Cognizant/Week-3/SpringCore_Maven/Ex-5 Configuring the Spring IoC Container/demo/target/surefire/surefirebooter-20250703231657101_3.jar /Volumes/Drive-E/Cognizant/Week-3/SpringCore_Maven/Ex-5 Configuring the Spring IoC Container/demo/target/surefire 2025-07-03T23-16-57_071-jvmRun1 surefire-20250703231657101_1tmp surefire_0-20250703231657101_2tmp"/>
    <property name="http.nonProxyHosts" value="local|*.local|169.254/16|*.169.254/16"/>
    <property name="jdk.debug" value="release"/>
    <property name="surefire.test.class.path" value="/Volumes/Drive-E/Cognizant/Week-3/SpringCore_Maven/Ex-5 Configuring the Spring IoC Container/demo/target/test-classes:/Volumes/Drive-E/Cognizant/Week-3/SpringCore_Maven/Ex-5 Configuring the Spring IoC Container/demo/target/classes:/Users/manognyak/.m2/repository/org/springframework/spring-context/5.3.30/spring-context-5.3.30.jar:/Users/manognyak/.m2/repository/org/springframework/spring-aop/5.3.30/spring-aop-5.3.30.jar:/Users/manognyak/.m2/repository/org/springframework/spring-beans/5.3.30/spring-beans-5.3.30.jar:/Users/manognyak/.m2/repository/org/springframework/spring-core/5.3.30/spring-core-5.3.30.jar:/Users/manognyak/.m2/repository/org/springframework/spring-jcl/5.3.30/spring-jcl-5.3.30.jar:/Users/manognyak/.m2/repository/org/springframework/spring-expression/5.3.30/spring-expression-5.3.30.jar:/Users/manognyak/.m2/repository/commons-logging/commons-logging/1.2/commons-logging-1.2.jar:/Users/manognyak/.m2/repository/junit/junit/4.13.2/junit-4.13.2.jar:/Users/manognyak/.m2/repository/org/hamcrest/hamcrest-core/1.3/hamcrest-core-1.3.jar:"/>
    <property name="sun.cpu.endian" value="little"/>
    <property name="user.home" value="/Users/manognyak"/>
    <property name="user.language" value="en"/>
    <property name="java.specification.vendor" value="Oracle Corporation"/>
    <property name="java.version.date" value="2025-04-15"/>
    <property name="java.home" value="/Library/Java/JavaVirtualMachines/jdk-24.jdk/Contents/Home"/>
    <property name="file.separator" value="/"/>
    <property name="basedir" value="/Volumes/Drive-E/Cognizant/Week-3/SpringCore_Maven/Ex-5 Configuring the Spring IoC Container/demo"/>
    <property name="java.vm.compressedOopsMode" value="Zero based"/>
    <property name="line.separator" value="&#10;"/>
    <property name="java.vm.specification.vendor" value="Oracle Corporation"/>
    <property name="java.specification.name" value="Java Platform API Specification"/>
    <property name="apple.awt.application.name" value="ForkedBooter"/>
    <property name="surefire.real.class.path" value="/Volumes/Drive-E/Cognizant/Week-3/SpringCore_Maven/Ex-5 Configuring the Spring IoC Container/demo/target/surefire/surefirebooter-20250703231657101_3.jar"/>
    <property name="sun.management.compiler" value="HotSpot 64-Bit Tiered Compilers"/>
    <property name="ftp.nonProxyHosts" value="local|*.local|169.254/16|*.169.254/16"/>
    <property name="java.runtime.version" value="24.0.1+9-30"/>
    <property name="user.name" value="manognyak"/>
    <property name="stdout.encoding" value="UTF-8"/>
    <property name="path.separator" value=":"/>
    <property name="os.version" value="15.5"/>
    <property name="java.runtime.name" value="Java(TM) SE Runtime Environment"/>
    <property name="file.encoding" value="UTF-8"/>
    <property name="java.vm.name" value="Java HotSpot(TM) 64-Bit Server VM"/>
    <property name="localRepository" value="/Users/manognyak/.m2/repository"/>
    <property name="java.vendor.url.bug" value="https://bugreport.java.com/bugreport/"/>
    <property name="java.io.tmpdir" value="/var/folders/qk/y1v3_klx13jd6xnb0650bc9w0000gn/T/"/>
    <property name="java.version" value="24.0.1"/>
    <property name="user.dir" value="/Volumes/Drive-E/Cognizant/Week-3/SpringCore_Maven/Ex-5 Configuring the Spring IoC Container/demo"/>
    <property name="os.arch" value="aarch64"/>
    <property name="java.vm.specification.name" value="Java Virtual Machine Specification"/>
    <property name="native.encoding" value="UTF-8"/>
    <property name="java.library.path" value="/Users/manognyak/Library/Java/Extensions:/Library/Java/Extensions:/Network/Library/Java/Extensions:/System/Library/Java/Extensions:/usr/lib/java:."/>
    <property name="java.vm.info" value="mixed mode, sharing"/>
    <property name="stderr.encoding" value="UTF-8"/>
    <property name="java.vendor" value="Oracle Corporation"/>
    <property name="java.vm.version" value="24.0.1+9-30"/>
    <property name="sun.io.unicode.encoding" value="UnicodeBig"/>
    <property name="socksNonProxyHosts" value="local|*.local|169.254/16|*.169.254/16"/>
    <property name="java.class.version" value="68.0"/>
  </properties>
  <testcase name="shouldAnswerWithTrue" classname="com.example.AppTest" time="0.002"/>
</testsuite>